Clean-up operations are continuing across the Scottish Borders and Dumfries and Galloway after flooding caused by Storm Frank.
Two tourist buses have been destroyed by fire in a suspected arson attack in Belfast city centre.
Lewis Hamilton stormed to pole position at the Bahrain Grand Prix ahead of Mercedes team-mate Nico Rosberg.
A former Lincolnshire Police officer carried out a series of sex attacks on boys, a jury at Lincoln Crown Court was told.
An armed man who locked himself into a room at a psychiatric hospital in Istanbul has ended his threat to kill himself, Turkish media report.
Defending Pro12 champions Glasgow Warriors bagged a late bonus-point victory over the Dragons despite a host of absentees and two yellow cards.
A man with links to a car that was involved in a fatal bus stop crash in south London is being sought by police.
Welsh cyclist Luke Rowe says changes to the sport must be made following the death of Antoine Demoitie.
Manchester City midfielder Ilkay Gundogan says it has been mentally tough to overcome a third major injury.
A jogger has been hit by an unmarked police car responding to an emergency call, leaving him with "serious life-changing injuries".
Hurricane Patricia has been rated as a category 5 storm.
Hackers could gain access to home and corporate networks via security flaws in wireless mice, suggests research.
Dozens of jobs have been lost after efforts to save an historic building firm in the Scottish Borders failed.
The European Commission has disclosed a preliminary finding that Amazon's tax arrangements in Luxembourg probably constitute "state aid".
The most important event in Northern Ireland's agricultural calendar - the Balmoral Show - has opened with thousands of people attending.
Google has asked the High Court to throw out legal action being taken by ex-Formula 1 boss Max Mosley.
Newport Gwent Dragons number eight Ed Jackson has undergone shoulder surgery and faces a spell on the sidelines.
The government is spending nearly £400,000 to help save the Cornish language.
Monaco boss Leonardo Jardim has been rewarded for steering the club to their first Ligue 1 title for 17 years with a new contract until 2020.
The US says it is "deeply concerned" about the electoral process in Nicaragua a day after Daniel Ortega, the left-wing leader, won a third consecutive presidential term.
South Africa is to set up a team to tackle hate crimes against gay people, the justice ministry says.
(Close):Wall Street markets fell on Friday as oil prices slipped ahead of a weekend meeting that could result in a freezing of production.
Tarantulas have evolved almost exactly the same shade of vibrant blue at least eight separate times.
The co-pilot suspected of deliberately crashing the Germanwings jet in the French Alps had researched suicide methods and the security of cockpit doors, German prosecutors said.
DJ Neil Fox has told a court he engaged in "saucy" behaviour at work, but complaints made against him in 2014 were the first in his 29-year career.
Tottenham midfielder Dele Alli has been ruled out of England's World Cup qualifier with Scotland and friendly against Spain after suffering a knee injury in training.
From when Karen Morgan was 12, until she was well into her teens, she was sexually abused by her uncle - a ministerial servant with the Jehovah's Witnesses.
Former Greek Finance Minister Yanis Varoufakis has told the BBC that economic reforms imposed on his country by creditors are "going to fail", ahead of talks on a huge bailout.
The International Paralympic Committee will make its decision on Russia's participation in the Rio Games "in the interest of sport", president Sir Philip Craven has told BBC Sport.
Full-back Ben Ransom has joined Championship side London Irish from Premiership and European Champions Cup winners Saracens.
The Manor Marussia team have confirmed they intend to return to Formula 1 in time for the start of the season.
Funding to improve school buildings and create apprenticeships has been announced to help revive the economy.
Britons are being offered an "unreal and over-optimistic" vision of what Brexit will look like, Sir John Major has warned.
The government has urged MPs to back a 1% cap on annual rises in working-age benefits and some tax credits, arguing it is vital to cutting the deficit.
A 13ft-deep hole causing widespread disruption to trains in south London has been found to have opened above an active sewer.
Manchester City finally released the recent stranglehold Everton have placed on them with a hard-fought victory at Etihad Stadium.
Labour has accused the Scottish first minister of misleading parliament over hospital bed blocking statistics.
The UK has been found to be in breach of EU laws over the amount of sewage and waste water discharged into the sea off Carmarthenshire.
Pope Francis has called for the Church in Cuba to have "the freedom and the means" to pursue its mission, on his first visit to the island.
New Widnes loan signing Rangi Chase has a "clean slate" start at the Vikings, says head coach Denis Betts
Cricket Scotland chief executive Roddy Smith has announced that he will leave the role at the end of December.
Sunderland have given the Football Association (FA) permission to speak to their manager Sam Allardyce about the position of England boss.
Wales held on for a nervy win over Argentina in Cardiff to end a run of five successive Test match defeats.
A giant chalk carving of a kiwi has been granted protected status on the centenary of a World War One battle.
An inmate at a prison grabbed keys from an officer and, while he was being restrained, a second prisoner tried to take another set of keys.
There is a lot of talk that Tim Sherwood is close to being sacked by Aston Villa but I cannot understand why they would even contemplate getting rid of him at this stage of the season.
The blue badge disabled parking scheme could be extended to people with temporary conditions restricting their mobility.
Older people in England are living longer than ever before, a report from Public Health England says.
An inquiry into historical abuse in Nottinghamshire has recorded more than 500 offences on council property.
Holders Arsenal Ladies have been drawn away to 2012 winners Birmingham City in the Women's FA Cup quarter-finals.
Dan Holman's brace helped Cheltenham to an easy win over out-of-form Bromley.
Nearly a decade after the police shooting of Jean Charles de Menezes, his family have brought a case at the European Court of Human Rights in an attempt to see someone prosecuted over the 27-year-old's killing.
Scotland's largest council is to increase council tax for the first time since 2005.
Controversial plans to build a 103-turbine wind farm in the centre of Shetland could face a legal challenge.
Uganda's main opposition leader Kizza Besigye has been charged with treason.
Try-scorer George North has described the British and Irish Lions's first-Test victory over Australia as an "unbelievable feeling".
Borussia Dortmund's Marco Reus has been omitted from Germany's Euro 2016 squad but Manchester United's Bastian Schweinsteiger has been included.
Michel Platini, the head of European football's governing body Uefa, is being treated as "in between a witness and an accused person'' by Swiss prosecutors investigating corruption at the world football authority Fifa.
John Higgins believes he has the ability and the form to win his fifth World Championship.
A boyfriend of a young soldier who died at Deepcut barracks asked her to end a love triangle at the Surrey base on the day she died, an inquest has heard.
A former Dragons' Den star paid a 13-year-old girl for sex in a rented London apartment after meeting her on a "sugar daddy" website, the Old Bailey has heard.
Thousands of people have been left with no phone service after what BT described as "malicious damage" to cables in west London.
Mozambique legend Maria Mutola says her protege Caster Semenya can win the Olympic 800m title on her debut.
The families of the victims of a fatal car crash at this year's South by Southwest (SXSW) in Austin, Texas, are suing its organisers.
Olympic champions Hannah Mills and Saskia Clark have won the prestigious female World Sailor of the Year Award.
British fencer Richard Kruse produced his best performance of the season to win the Shanghai Grand Prix - just days after being mugged in the Chinese city.
Ineos has announced plans to build a new European petrochemical production plant and boost capacity at plants in Scotland and Norway at a cost of about two billion euros (£1.8bn).
Emil Michael, Uber's senior vice-president and a close ally of chief executive Travis Kalanick, has left the company, employees have been told.
A grade II-listed bridge in Dorset that was blamed for causing severe floods is to be dismantled and replaced.
Chelsea's Premier League title rivals thought the door had been pushed ajar after a run on 13 straight wins ended at Tottenham and the new harmony under manager Antonio Conte was disturbed by Diego Costa.
Celtic player Callum McGregor has been given a 12-month driving ban after he was caught behind the wheel at almost four times the legal alcohol limit.
A battling Dan Evans could not take his surprise US Open run into the second week as he lost to Spanish 19th seed Tommy Robredo in four sets.
Should India abolish the death penalty?
High winds are affecting the operation to salvage the cargo ship that ran aground in the Solent.
Minerals preserved in diamond have revealed hints of the bright blue rocks that exist deep within the Earth.
Another contender to become UKIP leader has pulled out of the contest - leaving three in the race.
Singer Annie Lennox OBE has been honoured for her humanitarian work by the Royal Scottish Geographical Society.
Three news organisations have asked a US judge to force the government to reveal the amount it paid for technology to unlock an iPhone used by the San Bernardino gunman.
The old footage begins with a large man in a blue tracksuit walking across a pitch and casually kicking a rugby ball out of his road.
Relatives of the victims of Tuesday's prison fire in Comayagua, Honduras have been mourning the dead.
Glasgow's Willow Tea Rooms has reopened at Watt brothers department store after leaving its former home in a Charles Rennie Mackintosh designed building.
The US First Lady joined comedian and television star James Cordon for Wednesday night's episode of Carpool Karaoke on The Late Late Show.
England missed a run-out off the final ball as South Africa won the first Twenty20 international by three wickets in Cape Town.
Opposition parties have criticised moves to cut £3.7bn from the benefits bill by reducing the number of people eligible for disability benefit.
Saturdays singer Rochelle Humes is the new host of The X Factor spin-off show The Xtra Factor, where she has been partnered with radio DJ Melvin Odoom.
UK bookmaker William Hill has reported a fall in half-year profits after being hit by changes to betting taxes.
Widnes captain Kevin Brown welcomes comparisons with Premier League leaders Leicester City if it means they achieve success this season.
An extensive aerial and underwater survey has revealed that 93% of Australia's Great Barrier Reef has been affected by coral bleaching.
Manchester United have completed the signing Uruguayan right-back Guillermo Varela from Atletico Penarol for an undisclosed fee.
Tony Adams' Granada have been relegated to the Spanish second tier after a 2-1 defeat at Real Sociedad.
A court in India's western Mumbai city has found 12 men guilty for their roles in the 2006 bombings of commuter trains.
Scotland has been warned it is hurtling towards an "epidemic of larger waistlines and increased cancer risk" fuelled by people's love of sweet treats and fast food.
The family of a 12-year-old allegedly stabbed by two schoolmates have thanked their state governor for honouring her with a special day.
Ex-UK Athletics coach George Skafidas has been banned from sport for life by UK Anti-Doping, which accused him of destroying Bernice Wilson's career.
Edinburgh's troubled tram project will be investigated by a judge-led inquiry, Scottish First Minister Alex Salmond has announced.
A fan has threatened to press charges against Valentino Rossi following an incident in the paddock that occurred while she was taking a selfie.
Edinburgh scrum-half Sean Kennedy has been ruled out for the rest of the season through injury.
Further doubt has been cast over the future of specialist-led maternity care at a Cumbrian hospital.
Ending Celtic's unbeaten domestic record should not be the focus of Rangers players on Sunday, according to former Ibrox forward Peter Lovenkrands.
Five off-licences in Belfast's Holyland area are to close "voluntarily" for a number of hours on St Patrick's Day.
A large amount of cash has been stolen in a daylight bank robbery in Cardiff.
The Army is setting up a new unit that will use psychological operations and social media to help fight wars "in the information age".
A man has been charged nearly a year after a collision in which a motorcyclist died in Leicestershire.
A woman stabbed a suspected paedophile to death in east London before handing herself into police, a court has heard.
Australia's government has "strongly" refuted claims it deliberately ignores abuse of asylum seekers.
Labour has been "slashing" the NHS budget in Wales, the Welsh Conservatives have said, leading to "devastatingly long waiting lists".
A dilapidated beach hut on a north Wales beach has sold at auction for an eye-watering £153,000.
Two men who ran a betting website connected to the Fifa video game have pleaded guilty to offences under the UK's Gambling Act.
English Heritage has told Bristol City Council it would be "prudent" to apply for listed building consent for some of its parking signs.
At least 10 emergency calls failed to reach firefighters last week during the forest fires in which 64 people died, reports say.
World football's governing body Fifa has confirmed it will hold the election for its next president at a special congress on 26 February.
An automated camera system targeting motorists who break traffic lights has been introduced at one of the busiest junctions on Dublin's tram line.
A teenager has been charged after allegedly going on to the pitch dressed as Spider-Man at a Premier League football match.
The Queen has made her first visit to a World War Two concentration camp, Bergen-Belsen, in northern Germany.
Investment of nearly £500,000 has been agreed to finance a series of projects to help regenerate Stranraer waterfront.
Aston Villa manager Remi Garde refused to talk about his future following his side's 2-0 defeat at West Ham.
No charges will be brought against a white police officer who fatally shot an unarmed teenager in Wisconsin.
The government has publicly named almost 200 companies who have failed to pay the minimum wage to employees.
Nightly closures of the Brynglas tunnels on the M4 motorway in south Wales are starting as over 18 months of maintenance work is carried out.
Swarms of giant moths have descended on Malaysia, invading homes and even disrupting a national football match.
The Madagascar pochard, the world's rarest bird, will not be able to thrive without a new wetland home.
Ireland will open their Desert T20 tournament campaign against Afghanistan in Abu Dhabi on 14 January.
There are plans to temporarily reduce the opening hours of a children's care unit in Pembrokeshire.
Elgin City slipped out of the League Two promotion play-off zone with a goalless draw at Stirling Albion.
A huge country the size of Western Europe, Kazakhstan has vast mineral resources and enormous economic potential.
Welsh swimmer Aaron Moores failed to qualify for the final of S14 100m backstroke on the opening day of the Paralympic Games in Rio.
AFC Wimbledon have confirmed they have signed defender Mat Mitchel-King from Crewe Alexandra.
Sinn Féin's Máirtín Ó Muilleoir has welcomed DUP leader Arlene Foster's decision to meet Irish language speakers and groups.
Shaun Maloney admits guarding his place in the Scotland squad was a major factor in his decision to return to British football from Chicago Fire.
Great Britain's Elise Christie won gold in the 500m at the speed skating World Cup in Calgary, Canada.
A company boss on trial over the deaths of four sailors when a yacht capsized had been cutting costs, a court heard.
New Swansea City signing Borja says "healthy competition" with fellow Spanish striker Fernando Llorente will benefit the team.
Sporting Khalsa used to be known locally as the club with a curry house.
A group of Jewish people celebrating the Jewish New Year were allegedly threatened by a man wielding an axe, police have said.
Scottish Labour leader Johann Lamont has resigned saying senior party members had "questioned" her role amid the "serious challenges" faced by the party after September's referendum.
French people affected by a fuel shortage that has hit a fifth of the country's petrol stations have taken to social media, changing film titles as a joke to reflect the problem.
Bank of America has reported a net profit of $4.07bn (£2.65bn) for the three months to the end of September against a loss of $470m a year earlier.
CBBC's MyLife is back with a new documentary called Mr Alzheimers and Me.
A cat in Carrickfergus was lucky to keep its nine lives after getting trapped in the wall of a partly-built house.
A former hotel owner has been jailed for three years for human trafficking.
The opening date of a £2bn theme park in north Kent has been pushed back.
Pressure is increasing on Russia over civilian deaths in Syria, with France and the US urging greater caution.
Former Leyton Orient owner Barry Hearn says he now regrets selling the club to businessman Francesco Becchetti.
Electronic producer Moby has returned with a new project and pseudo-political manifesto Moby and the Pacific Void Choir.
University students who studied the Welsh Baccalaureate are less likely to get higher degrees than those who did not, a report suggests.
Tiger Woods hit a one-over-par 73 on his return to competitive golf at the Hero World Challenge in the Bahamas.
A man has been arrested on suspicion of murder after a fatal stabbing in Manchester, police have said.
Austria's far-right Freedom Party has lodged a legal challenge to the result of last month's presidential election, which it lost by a tiny margin.
The role of Guernsey's Bailiff could be reviewed in the wake of a report looking at the dual responsibilities of the office in Jersey.
The Syrian military has carried out a series of air strikes after rebel forces launched a major assault to take control of the northern city of Aleppo.
Actress and film-maker Isabella Rossellini to chair the jury at next year's Berlin Film Festival, organisers have announced.
Three US citizens have been evacuated from Yemen by the Omani air force, Oman's foreign ministry says.
London-based Inmarsat hopes to get its latest next-generation spacecraft into orbit at the end of the month.
Ferrari's Fernando Alonso said after winning the Spanish Grand Prix that he was confident of making a strong world title challenge this year.
A luxury Lamborghini sports car has been destroyed and a Ferrari badly damaged when they crashed in a tunnel under Beijing, China.
Shares in London rose on Tuesday with the FTSE 100 share index closing 27 points higher at 7,044, the highest level for two months.
Britain's Colin Oates took -66kg silver at the European Judo Championships after defeat by Georgia's Vazha Margvelashvili in Kazan, Russia.
Plans to build a major hydro scheme on the site of an opencast mine in the south of Scotland have been revealed.
Only people with long memories have clear recollections of simpler times when Professor Robert McKenzie's swingometer could tell the story of successive general elections.
A third hospital trust in the South East is expected to be put into special measures, the BBC understands.
First-time buyers in England under the age of 40 could buy a house at 20% below the market rate if the Conservatives are re-elected, David Cameron has pledged.
I'm not sure we're quite into "zombie Parliament" territory, but there's a distinct lull in Westminster this week, as major events like the Budget and the Investigatory Powers Bill, loom on the horizon.
A mother-of-three who believes she was exposed to asbestos as a schoolgirl has been diagnosed with a cancer often related to the toxic substance.
Ulster forward Chris Henry has signed a new three-year deal keeping him at Ravenhill until 2017.
Rory McIlroy missed the halfway cut at the US PGA Championship for the first time in his career as Robert Streb and Jimmy Walker lead at Baltusrol.
Shares in Asia's biggest budget airline, AirAsia, fell as much as 7% on Friday after the firm posted a loss for the three months to September.
Concerns about plans to exclude people from the UK if they go abroad to fight with extremist groups have been raised by the UK's reviewer of terror laws.
The BBC's Vikas Pandey spends a day inside India's prestigious Jawaharlal Nehru University (JNU) in Delhi amidst the highly charged debate over the arrest of a student leader on sedition charges.
Leicestershire have signed New Zealand wicketkeeper Luke Ronchi for their 2017 T20 Blast campaign.
The windscreen of a police Land Rover has been cracked after an object was thrown at the vehicle in west Belfast.
Singer and TV entertainer Val Doonican has died aged 88
Of all the new races that have been added to the Formula 1 calendar in the last 15 years or so, only two have really cut through to establish themselves as something special.
A County Antrim man who was unaware that a "do not resuscitate" (DNR) order had been placed on his medical file has said he feels his human rights have been violated.
The last scheduled NI executive meeting before the assembly elections is being held at the Magee Campus of Ulster University in Londonderry today.
Crystal Palace winger Wilfried Zaha has accused Manchester United and Liverpool fans of calling him a "black monkey" in messages on social media.
Labour has won the Scottish Parliament by-election in Dunfermline, after beating the SNP by almost 3,000 votes.
National League side Solihull Moors have appointed Hednesford Town boss Liam McDonald as their new manager.
All pictures are copyrighted.
The Metropolitan Police says it is considering using eagles to intercept drones amid concerns the aircraft are increasingly used to commit crime.
Thousands of oysters have been harvested in a Somerset village for the first time in almost 100 years.
Former scrum-half Mike Phillips has urged Wales' rising stars to prove they are good enough for the national side.
Small businesses in the Black Country are being given access to a £1m council fund, in a bid to secure jobs.
Lawmakers in Arizona are weighing a law requiring transgender people to use public toilets of the gender listed on their birth certificate.
Two men from Stoke-on-Trent have been charged after a laser was shone at a police helicopter.
A Strictly Come Dancing star assaulted by a gang does not want to make a formal complaint to police, the show has said.
A school has apologised for telling pupils they would be taken away and might not see their parents again, in what later emerged as role play.
A man has been handed a four-year prison sentence for assaulting disabled pensioner Alan Barnes, to whom more than £300,000 was subsequently donated.
Canada is reaching out directly to the Haitian community in the US in an effort to stem the number of migrants crossing the border illegally.
Doctors may be failing to spot tell-tale signs in children who are underweight, a study suggests.
China has decided to end its decades-long one-child policy, the state-run Xinhua news agency reports.
The Paris agreement on climate change has come into force.
England fast bowler James Anderson is a doubt for the first Test against Pakistan next month after injuring his right shoulder.
A paranoid schizophrenic who killed his parents with an axe has been found not guilty of murder by reason of insanity.
Read match reports for Tuesday's 10 games in the Championship, including Newcastle's 6-0 pummelling of Queens Park Rangers.
President Donald Trump has accused the media of dishonestly reporting the size of the crowd at his inauguration.
Barbed wire, armed soldiers and several hefty concrete checkpoints.
British Gas and EDF Energy have announced they are cutting their gas prices, the last of the big six energy suppliers to do so.
Double Rio Olympics gold medallist Laura Kenny (nee Trott) recognises the importance of sporting volunteers - the Unsung Heroes - and wants you to nominate yours.
Glasgow City Council is flying the French flag at half-mast as a mark of respect for those who died in the Charlie Hebdo atrocity in Paris.
Half-centuries from Luke Wells, Matt Machan and Michael Yardy gave Sussex a first innings lead against Middlesex.